<?xml version="1.0" encoding="UTF-8"?>
<coverage generated="1787466146427" clover="3.2.0">
  <project timestamp="1787466146427" name="All files">
    <metrics statements="60" coveredstatements="60" conditionals="17" coveredconditionals="17" methods="4" coveredmethods="4" elements="81" coveredelements="81" complexity="0" loc="60" ncloc="60" packages="2" files="2" classes="2"/>
    <package name="api">
      <metrics statements="49" coveredstatements="49" conditionals="14" coveredconditionals="14" methods="1" coveredmethods="1"/>
      <file name="qvpc.ts" path="C:\Users\SchrodingerFeiFei\Documents\GitHub\QuViz\web\src\api\qvpc.ts">
        <metrics statements="49" coveredstatements="49" conditionals="14" coveredconditionals="14" methods="1" coveredmethods="1"/>
        <line num="11" count="1" type="stmt"/>
        <line num="12" count="1" type="stmt"/>
        <line num="13" count="1" type="stmt"/>
        <line num="14" count="1" type="stmt"/>
        <line num="16" count="1" type="cond" truecount="1" falsecount="0"/>
        <line num="17" count="9" type="stmt"/>
        <line num="18" count="9" type="stmt"/>
        <line num="19" count="9" type="stmt"/>
        <line num="20" count="9" type="cond" truecount="1" falsecount="0"/>
        <line num="21" count="1" type="stmt"/>
        <line num="22" count="1" type="cond" truecount="1" falsecount="0"/>
        <line num="23" count="8" type="stmt"/>
        <line num="24" count="9" type="cond" truecount="1" falsecount="0"/>
        <line num="25" count="1" type="stmt"/>
        <line num="26" count="1" type="cond" truecount="1" falsecount="0"/>
        <line num="27" count="7" type="stmt"/>
        <line num="28" count="7" type="stmt"/>
        <line num="29" count="7" type="stmt"/>
        <line num="30" count="7" type="stmt"/>
        <line num="31" count="9" type="cond" truecount="2" falsecount="0"/>
        <line num="32" count="2" type="stmt"/>
        <line num="33" count="2" type="cond" truecount="1" falsecount="0"/>
        <line num="34" count="5" type="stmt"/>
        <line num="35" count="9" type="cond" truecount="1" falsecount="0"/>
        <line num="36" count="1" type="stmt"/>
        <line num="37" count="1" type="cond" truecount="1" falsecount="0"/>
        <line num="39" count="4" type="stmt"/>
        <line num="40" count="4" type="stmt"/>
        <line num="41" count="4" type="stmt"/>
        <line num="42" count="4" type="stmt"/>
        <line num="43" count="9" type="cond" truecount="1" falsecount="0"/>
        <line num="44" count="16" type="stmt"/>
        <line num="45" count="16" type="stmt"/>
        <line num="46" count="16" type="stmt"/>
        <line num="47" count="16" type="stmt"/>
        <line num="48" count="16" type="stmt"/>
        <line num="49" count="16" type="stmt"/>
        <line num="50" count="16" type="stmt"/>
        <line num="51" count="16" type="cond" truecount="1" falsecount="0"/>
        <line num="52" count="4" type="stmt"/>
        <line num="53" count="4" type="stmt"/>
        <line num="54" count="4" type="stmt"/>
        <line num="55" count="4" type="stmt"/>
        <line num="56" count="4" type="stmt"/>
        <line num="57" count="4" type="stmt"/>
        <line num="58" count="9" type="cond" truecount="1" falsecount="0"/>
        <line num="59" count="9" type="cond" truecount="1" falsecount="0"/>
        <line num="60" count="9" type="stmt"/>
        <line num="61" count="9" type="stmt"/>
      </file>
    </package>
    <package name="scene">
      <metrics statements="11" coveredstatements="11" conditionals="3" coveredconditionals="3" methods="3" coveredmethods="3"/>
      <file name="color.ts" path="C:\Users\SchrodingerFeiFei\Documents\GitHub\QuViz\web\src\scene\color.ts">
        <metrics statements="11" coveredstatements="11" conditionals="3" coveredconditionals="3" methods="3" coveredmethods="3"/>
        <line num="1" count="1" type="cond" truecount="1" falsecount="0"/>
        <line num="2" count="78" type="stmt"/>
        <line num="3" count="78" type="stmt"/>
        <line num="4" count="78" type="stmt"/>
        <line num="6" count="78" type="cond" truecount="1" falsecount="0"/>
        <line num="7" count="78" type="cond" truecount="1" falsecount="0"/>
        <line num="8" count="234" type="stmt"/>
        <line num="9" count="234" type="stmt"/>
        <line num="10" count="234" type="stmt"/>
        <line num="11" count="78" type="stmt"/>
        <line num="12" count="78" type="stmt"/>
      </file>
    </package>
  </project>
</coverage>
