{"C:\\Users\\SchrodingerFeiFei\\Documents\\GitHub\\QuViz\\web\\src\\api\\qvpc.ts": {"path":"C:\\Users\\SchrodingerFeiFei\\Documents\\GitHub\\QuViz\\web\\src\\api\\qvpc.ts","all":false,"statementMap":{"10":{"start":{"line":11,"column":0},"end":{"line":11,"column":30}},"11":{"start":{"line":12,"column":0},"end":{"line":12,"column":36}},"12":{"start":{"line":13,"column":0},"end":{"line":13,"column":34}},"13":{"start":{"line":14,"column":0},"end":{"line":14,"column":32}},"15":{"start":{"line":16,"column":0},"end":{"line":16,"column":32}},"16":{"start":{"line":17,"column":0},"end":{"line":17,"column":22}},"17":{"start":{"line":18,"column":0},"end":{"line":18,"column":19}},"18":{"start":{"line":19,"column":0},"end":{"line":19,"column":37}},"19":{"start":{"line":20,"column":0},"end":{"line":20,"column":41}},"20":{"start":{"line":21,"column":0},"end":{"line":21,"column":75}},"21":{"start":{"line":22,"column":0},"end":{"line":22,"column":3}},"22":{"start":{"line":23,"column":0},"end":{"line":23,"column":70}},"23":{"start":{"line":24,"column":0},"end":{"line":24,"column":33}},"24":{"start":{"line":25,"column":0},"end":{"line":25,"column":61}},"25":{"start":{"line":26,"column":0},"end":{"line":26,"column":3}},"26":{"start":{"line":27,"column":0},"end":{"line":27,"column":35}},"27":{"start":{"line":28,"column":0},"end":{"line":28,"column":41}},"28":{"start":{"line":29,"column":0},"end":{"line":29,"column":39}},"29":{"start":{"line":30,"column":0},"end":{"line":30,"column":41}},"30":{"start":{"line":31,"column":0},"end":{"line":31,"column":68}},"31":{"start":{"line":32,"column":0},"end":{"line":32,"column":85}},"32":{"start":{"line":33,"column":0},"end":{"line":33,"column":3}},"33":{"start":{"line":34,"column":0},"end":{"line":34,"column":86}},"34":{"start":{"line":35,"column":0},"end":{"line":35,"column":44}},"35":{"start":{"line":36,"column":0},"end":{"line":36,"column":94}},"36":{"start":{"line":37,"column":0},"end":{"line":37,"column":3}},"38":{"start":{"line":39,"column":0},"end":{"line":39,"column":76}},"39":{"start":{"line":40,"column":0},"end":{"line":40,"column":47}},"40":{"start":{"line":41,"column":0},"end":{"line":41,"column":43}},"41":{"start":{"line":42,"column":0},"end":{"line":42,"column":39}},"42":{"start":{"line":43,"column":0},"end":{"line":43,"column":50}},"43":{"start":{"line":44,"column":0},"end":{"line":44,"column":33}},"44":{"start":{"line":45,"column":0},"end":{"line":45,"column":28}},"45":{"start":{"line":46,"column":0},"end":{"line":46,"column":43}},"46":{"start":{"line":47,"column":0},"end":{"line":47,"column":51}},"47":{"start":{"line":48,"column":0},"end":{"line":48,"column":51}},"48":{"start":{"line":49,"column":0},"end":{"line":49,"column":46}},"49":{"start":{"line":50,"column":0},"end":{"line":50,"column":42}},"50":{"start":{"line":51,"column":0},"end":{"line":51,"column":3}},"51":{"start":{"line":52,"column":0},"end":{"line":52,"column":10}},"52":{"start":{"line":53,"column":0},"end":{"line":53,"column":10}},"53":{"start":{"line":54,"column":0},"end":{"line":54,"column":11}},"54":{"start":{"line":55,"column":0},"end":{"line":55,"column":14}},"55":{"start":{"line":56,"column":0},"end":{"line":56,"column":14}},"56":{"start":{"line":57,"column":0},"end":{"line":57,"column":10}},"57":{"start":{"line":58,"column":0},"end":{"line":58,"column":68}},"58":{"start":{"line":59,"column":0},"end":{"line":59,"column":68}},"59":{"start":{"line":60,"column":0},"end":{"line":60,"column":3}},"60":{"start":{"line":61,"column":0},"end":{"line":61,"column":1}}},"s":{"10":1,"11":1,"12":1,"13":1,"15":1,"16":9,"17":9,"18":9,"19":9,"20":1,"21":1,"22":8,"23":9,"24":1,"25":1,"26":7,"27":7,"28":7,"29":7,"30":9,"31":2,"32":2,"33":5,"34":9,"35":1,"36":1,"38":4,"39":4,"40":4,"41":4,"42":9,"43":16,"44":16,"45":16,"46":16,"47":16,"48":16,"49":16,"50":16,"51":4,"52":4,"53":4,"54":4,"55":4,"56":4,"57":9,"58":9,"59":9,"60":9},"branchMap":{"0":{"type":"branch","line":16,"loc":{"start":{"line":16,"column":7},"end":{"line":61,"column":1}},"locations":[{"start":{"line":16,"column":7},"end":{"line":61,"column":1}}]},"1":{"type":"branch","line":20,"loc":{"start":{"line":20,"column":40},"end":{"line":22,"column":3}},"locations":[{"start":{"line":20,"column":40},"end":{"line":22,"column":3}}]},"2":{"type":"branch","line":22,"loc":{"start":{"line":22,"column":2},"end":{"line":24,"column":32}},"locations":[{"start":{"line":22,"column":2},"end":{"line":24,"column":32}}]},"3":{"type":"branch","line":24,"loc":{"start":{"line":24,"column":32},"end":{"line":26,"column":3}},"locations":[{"start":{"line":24,"column":32},"end":{"line":26,"column":3}}]},"4":{"type":"branch","line":26,"loc":{"start":{"line":26,"column":2},"end":{"line":31,"column":39}},"locations":[{"start":{"line":26,"column":2},"end":{"line":31,"column":39}}]},"5":{"type":"branch","line":31,"loc":{"start":{"line":31,"column":18},"end":{"line":31,"column":67}},"locations":[{"start":{"line":31,"column":18},"end":{"line":31,"column":67}}]},"6":{"type":"branch","line":31,"loc":{"start":{"line":31,"column":67},"end":{"line":33,"column":3}},"locations":[{"start":{"line":31,"column":67},"end":{"line":33,"column":3}}]},"7":{"type":"branch","line":33,"loc":{"start":{"line":33,"column":2},"end":{"line":35,"column":43}},"locations":[{"start":{"line":33,"column":2},"end":{"line":35,"column":43}}]},"8":{"type":"branch","line":35,"loc":{"start":{"line":35,"column":43},"end":{"line":37,"column":3}},"locations":[{"start":{"line":35,"column":43},"end":{"line":37,"column":3}}]},"9":{"type":"branch","line":37,"loc":{"start":{"line":37,"column":2},"end":{"line":43,"column":49}},"locations":[{"start":{"line":37,"column":2},"end":{"line":43,"column":49}}]},"10":{"type":"branch","line":43,"loc":{"start":{"line":43,"column":49},"end":{"line":51,"column":3}},"locations":[{"start":{"line":43,"column":49},"end":{"line":51,"column":3}}]},"11":{"type":"branch","line":51,"loc":{"start":{"line":51,"column":2},"end":{"line":58,"column":61}},"locations":[{"start":{"line":51,"column":2},"end":{"line":58,"column":61}}]},"12":{"type":"branch","line":58,"loc":{"start":{"line":58,"column":56},"end":{"line":58,"column":66}},"locations":[{"start":{"line":58,"column":56},"end":{"line":58,"column":66}}]},"13":{"type":"branch","line":59,"loc":{"start":{"line":59,"column":56},"end":{"line":59,"column":66}},"locations":[{"start":{"line":59,"column":56},"end":{"line":59,"column":66}}]}},"b":{"0":[9],"1":[1],"2":[8],"3":[1],"4":[7],"5":[6],"6":[2],"7":[5],"8":[1],"9":[4],"10":[16],"11":[4],"12":[1],"13":[1]},"fnMap":{"0":{"name":"parsePointCloud","decl":{"start":{"line":16,"column":7},"end":{"line":61,"column":1}},"loc":{"start":{"line":16,"column":7},"end":{"line":61,"column":1}},"line":16}},"f":{"0":9}}
,"C:\\Users\\SchrodingerFeiFei\\Documents\\GitHub\\QuViz\\web\\src\\scene\\color.ts": {"path":"C:\\Users\\SchrodingerFeiFei\\Documents\\GitHub\\QuViz\\web\\src\\scene\\color.ts","all":false,"statementMap":{"0":{"start":{"line":1,"column":0},"end":{"line":1,"column":69}},"1":{"start":{"line":2,"column":0},"end":{"line":2,"column":51}},"2":{"start":{"line":3,"column":0},"end":{"line":3,"column":34}},"3":{"start":{"line":4,"column":0},"end":{"line":4,"column":1}},"5":{"start":{"line":6,"column":0},"end":{"line":6,"column":93}},"6":{"start":{"line":7,"column":0},"end":{"line":7,"column":39}},"7":{"start":{"line":8,"column":0},"end":{"line":8,"column":65}},"8":{"start":{"line":9,"column":0},"end":{"line":9,"column":95}},"9":{"start":{"line":10,"column":0},"end":{"line":10,"column":3}},"10":{"start":{"line":11,"column":0},"end":{"line":11,"column":53}},"11":{"start":{"line":12,"column":0},"end":{"line":12,"column":1}}},"s":{"0":1,"1":78,"2":78,"3":78,"5":78,"6":78,"7":234,"8":234,"9":234,"10":78,"11":78},"branchMap":{"0":{"type":"branch","line":1,"loc":{"start":{"line":1,"column":7},"end":{"line":4,"column":1}},"locations":[{"start":{"line":1,"column":7},"end":{"line":4,"column":1}}]},"1":{"type":"branch","line":6,"loc":{"start":{"line":6,"column":0},"end":{"line":12,"column":1}},"locations":[{"start":{"line":6,"column":0},"end":{"line":12,"column":1}}]},"2":{"type":"branch","line":7,"loc":{"start":{"line":7,"column":18},"end":{"line":10,"column":3}},"locations":[{"start":{"line":7,"column":18},"end":{"line":10,"column":3}}]}},"b":{"0":[78],"1":[78],"2":[234]},"fnMap":{"0":{"name":"phaseToRgb","decl":{"start":{"line":1,"column":7},"end":{"line":4,"column":1}},"loc":{"start":{"line":1,"column":7},"end":{"line":4,"column":1}},"line":1},"1":{"name":"hsvToRgb","decl":{"start":{"line":6,"column":0},"end":{"line":12,"column":1}},"loc":{"start":{"line":6,"column":0},"end":{"line":12,"column":1}},"line":6},"2":{"name":"channel","decl":{"start":{"line":7,"column":18},"end":{"line":10,"column":3}},"loc":{"start":{"line":7,"column":18},"end":{"line":10,"column":3}},"line":7}},"f":{"0":78,"1":78,"2":234}}
}
